RUN	test.scala.APITesting.PutPostDeleteAPI	putpostdeleteapi	1657072490308	run3	3.6.1
USER	Update User	START	1657072492403
USER	Create User	START	1657072492403
USER	Update User	START	1657072492890
REQUEST		02_Post_API	1657072492429	1657072493067	OK	 
REQUEST		03_PUT_API	1657072492429	1657072493320	OK	 
USER	Update User	START	1657072493390
USER	Create User	START	1657072493395
REQUEST		03_PUT_API	1657072492891	1657072493761	OK	 
USER	Update User	START	1657072493890
REQUEST		03_PUT_API	1657072493391	1657072493959	OK	 
REQUEST		02_Post_API	1657072493396	1657072493978	OK	 
USER	Create User	END	1657072494132
USER	Update User	END	1657072494324
USER	Update User	START	1657072494391
USER	Create User	START	1657072494395
REQUEST		03_PUT_API	1657072493890	1657072494470	OK	 
USER	Update User	END	1657072494763
USER	Update User	END	1657072494963
REQUEST		02_Post_API	1657072494395	1657072494976	OK	 
USER	Create User	END	1657072494981
REQUEST		03_PUT_API	1657072494392	1657072494983	OK	 
USER	Create User	START	1657072495390
USER	Update User	END	1657072495473
USER	Create User	END	1657072495979
REQUEST		02_Post_API	1657072495391	1657072495984	OK	 
USER	Update User	END	1657072495985
USER	Create User	START	1657072496390
USER	Create User	END	1657072496986
REQUEST		02_Post_API	1657072496391	1657072496994	OK	 
USER	Create User	END	1657072497998
