RUN	test.scala.APITesting.PutPostDeleteAPI	putpostdeleteapi	1657072651447	run4	3.6.1
USER	Update User	START	1657072653153
USER	Create User	START	1657072653151
USER	Update User	START	1657072653634
USER	Create User	START	1657072653638
REQUEST		03_PUT_API	1657072653177	1657072653764	OK	 
REQUEST		02_Post_API	1657072653177	1657072654105	OK	 
USER	Update User	START	1657072654134
USER	Create User	START	1657072654140
REQUEST		03_PUT_API	1657072653635	1657072654213	OK	 
REQUEST		02_Post_API	1657072653639	1657072654516	OK	 
USER	Update User	START	1657072654635
USER	Create User	START	1657072654640
REQUEST		03_PUT_API	1657072654135	1657072654725	OK	 
REQUEST		02_Post_API	1657072654140	1657072654736	OK	 
USER	Update User	END	1657072654832
USER	Create User	END	1657072655110
USER	Update User	START	1657072655136
USER	Create User	START	1657072655140
USER	Update User	END	1657072655217
REQUEST		03_PUT_API	1657072654636	1657072655221	OK	 
REQUEST		02_Post_API	1657072654640	1657072655231	OK	 
USER	Create User	END	1657072655519
USER	Create User	START	1657072655635
REQUEST		03_PUT_API	1657072655137	1657072655719	OK	 
REQUEST		02_Post_API	1657072655141	1657072655724	OK	 
USER	Update User	END	1657072655728
USER	Create User	END	1657072655738
USER	Create User	START	1657072656135
REQUEST		02_Post_API	1657072655636	1657072656212	OK	 
USER	Update User	END	1657072656225
USER	Create User	END	1657072656234
USER	Create User	START	1657072656634
REQUEST		02_Post_API	1657072656135	1657072656716	OK	 
USER	Update User	END	1657072656722
USER	Create User	END	1657072656727
USER	Create User	START	1657072657134
REQUEST		02_Post_API	1657072656635	1657072657214	OK	 
USER	Create User	END	1657072657215
USER	Create User	START	1657072657634
REQUEST		02_Post_API	1657072657135	1657072657719	OK	 
USER	Create User	END	1657072657719
USER	Create User	END	1657072658217
REQUEST		02_Post_API	1657072657635	1657072658218	OK	 
USER	Create User	END	1657072658722
USER	Create User	END	1657072659222
