RUN	test.scala.APITesting.PutPostDeleteAPI	putpostdeleteapi	1657089090697	run4	3.6.1
USER	Update User	START	1657089095266
USER	Create User	START	1657089096764
USER	Update User	START	1657089094765
USER	Delete User	START	1657089094765
USER	Delete User	START	1657089095767
USER	Create User	START	1657089094771
USER	Update User	START	1657089095767
USER	Create User	START	1657089093782
USER	Update User	START	1657089094265
USER	Create User	START	1657089094270
USER	Delete User	START	1657089093786
USER	Create User	START	1657089095272
USER	Update User	START	1657089093783
USER	Create User	START	1657089096264
USER	Create User	START	1657089095772
USER	Delete User	START	1657089096915
USER	Create User	START	1657089097263
REQUEST		04_Delete_API	1657089093815	1657089097624	OK	 
REQUEST		04_Delete_API	1657089094766	1657089097625	OK	 
REQUEST		02_Post_API	1657089095773	1657089097629	OK	 
REQUEST		02_Post_API	1657089096265	1657089097628	OK	 
REQUEST		03_PUT_API	1657089094266	1657089097628	OK	 
REQUEST		02_Post_API	1657089094271	1657089097628	OK	 
REQUEST		02_Post_API	1657089095273	1657089097628	OK	 
REQUEST		02_Post_API	1657089094771	1657089097628	OK	 
REQUEST		02_Post_API	1657089093815	1657089097628	OK	 
REQUEST		02_Post_API	1657089096765	1657089097628	OK	 
USER	Delete User	START	1657089097764
USER	Create User	START	1657089097765
REQUEST		02_Post_API	1657089097264	1657089097839	OK	 
REQUEST		04_Delete_API	1657089095768	1657089097844	OK	 
REQUEST		03_PUT_API	1657089093815	1657089097873	OK	 
REQUEST		04_Delete_API	1657089096915	1657089097884	OK	 
REQUEST		03_PUT_API	1657089095768	1657089097886	OK	 
REQUEST		03_PUT_API	1657089095267	1657089097923	OK	 
REQUEST		03_PUT_API	1657089094766	1657089097939	OK	 
USER	Create User	START	1657089098264
REQUEST		04_Delete_API	1657089097764	1657089098359	OK	 
REQUEST		02_Post_API	1657089097766	1657089098384	OK	 
USER	Delete User	END	1657089098656
USER	Delete User	END	1657089098656
USER	Create User	END	1657089098690
USER	Create User	END	1657089098690
USER	Create User	END	1657089098690
USER	Create User	END	1657089098690
USER	Create User	END	1657089098690
USER	Create User	END	1657089098691
USER	Update User	END	1657089098691
USER	Create User	END	1657089098691
USER	Create User	END	1657089098843
USER	Delete User	END	1657089098847
USER	Update User	END	1657089098875
REQUEST		02_Post_API	1657089098265	1657089098885	OK	 
USER	Delete User	END	1657089098887
USER	Update User	END	1657089098888
USER	Update User	END	1657089098925
USER	Update User	END	1657089098942
USER	Delete User	END	1657089099363
USER	Create User	END	1657089099387
USER	Create User	END	1657089099889
