RUN	test.scala.APITesting.PutPostDeleteAPI	putpostdeleteapi	1657073541013	run4	3.6.1
USER	Create User	START	1657073543111
USER	Update User	START	1657073543112
USER	Delete User	START	1657073543115
USER	Update User	START	1657073543594
USER	Create User	START	1657073543597
REQUEST		04_Delete_API	1657073543140	1657073543733	OK	 
REQUEST		02_Post_API	1657073543140	1657073543734	OK	 
REQUEST		03_PUT_API	1657073543140	1657073544091	OK	 
USER	Update User	START	1657073544093
USER	Delete User	START	1657073544093
USER	Create User	START	1657073544098
REQUEST		02_Post_API	1657073543597	1657073544171	OK	 
REQUEST		03_PUT_API	1657073543594	1657073544336	OK	 
USER	Update User	START	1657073544594
USER	Create User	START	1657073544598
REQUEST		04_Delete_API	1657073544094	1657073544681	OK	 
REQUEST		03_PUT_API	1657073544094	1657073544682	OK	 
REQUEST		02_Post_API	1657073544099	1657073544686	OK	 
USER	Delete User	END	1657073544755
USER	Create User	END	1657073544789
USER	Update User	END	1657073545095
USER	Delete User	START	1657073545094
USER	Update User	START	1657073545095
USER	Create User	START	1657073545099
USER	Create User	END	1657073545174
REQUEST		03_PUT_API	1657073544594	1657073545189	OK	 
REQUEST		02_Post_API	1657073544599	1657073545192	OK	 
USER	Update User	END	1657073545339
USER	Create User	START	1657073545592
REQUEST		04_Delete_API	1657073545095	1657073545675	OK	 
REQUEST		02_Post_API	1657073545100	1657073545676	OK	 
USER	Delete User	END	1657073545684
USER	Update User	END	1657073545685
USER	Create User	END	1657073545689
REQUEST		03_PUT_API	1657073545095	1657073545949	OK	 
USER	Delete User	START	1657073546092
USER	Create User	START	1657073546092
USER	Update User	END	1657073546193
USER	Create User	END	1657073546195
REQUEST		02_Post_API	1657073545593	1657073546204	OK	 
USER	Create User	START	1657073546592
REQUEST		04_Delete_API	1657073546093	1657073546669	OK	 
USER	Create User	END	1657073546678
USER	Delete User	END	1657073546678
REQUEST		02_Post_API	1657073546093	1657073546699	OK	 
USER	Update User	END	1657073546954
USER	Create User	START	1657073547092
USER	Delete User	START	1657073547093
REQUEST		02_Post_API	1657073546593	1657073547173	OK	 
USER	Create User	END	1657073547207
USER	Create User	START	1657073547592
REQUEST		02_Post_API	1657073547093	1657073547671	OK	 
USER	Delete User	END	1657073547672
REQUEST		04_Delete_API	1657073547094	1657073547681	OK	 
USER	Create User	END	1657073547702
USER	Create User	END	1657073548176
REQUEST		02_Post_API	1657073547593	1657073548181	OK	 
USER	Create User	END	1657073548674
USER	Delete User	END	1657073548684
USER	Create User	END	1657073549184
