RUN	com.gatling.tests.ComputerEdit	computeredit	1656487993056	run2	3.6.1
USER	Users	START	1656487995238
USER	Admin	START	1656487995238
REQUEST		Home	1656487995271	1656487995799	OK	 
REQUEST		Home	1656487995271	1656487995799	OK	 
USER	Users	START	1656487996225
REQUEST		Home	1656487996226	1656487996737	OK	 
USER	Admin	START	1656487997222
REQUEST		Search	1656487996899	1656487997228	OK	 
USER	Users	START	1656487997226
REQUEST		Search	1656487996899	1656487997228	OK	 
REQUEST		Home	1656487997227	1656487997760	OK	 
REQUEST		Home	1656487997223	1656487997767	OK	 
REQUEST		Search	1656487997742	1656487997970	OK	 
USER	Users	START	1656487998220
REQUEST		Select	1656487998231	1656487998459	OK	 
REQUEST		Select	1656487998234	1656487998460	OK	 
REQUEST		Home	1656487998221	1656487998763	OK	 
REQUEST		Search	1656487998764	1656487998991	OK	 
REQUEST		Search	1656487998770	1656487999003	OK	 
REQUEST		Select	1656487998973	1656487999200	OK	 
USER	Users	START	1656487999221
REQUEST		Home	1656487999222	1656487999778	OK	 
REQUEST		Search	1656487999767	1656488000007	OK	 
USER	Admin	START	1656488000220
USER	Users	START	1656488000220
REQUEST		Select	1656487999993	1656488000225	OK	 
REQUEST		Select	1656488000006	1656488000239	OK	 
USER	Users	END	1656488000466
REQUEST		Home	1656488000221	1656488000706	OK	 
REQUEST		Home	1656488000221	1656488000706	OK	 
REQUEST		Edit	1656488000468	1656488000705	OK	 
REQUEST		Edit Redirect 1	1656488000720	1656488000946	OK	 
REQUEST		Search	1656488000780	1656488001013	OK	 
USER	Users	END	1656488001202
USER	Users	START	1656488001220
REQUEST		Select	1656488001009	1656488001244	OK	 
REQUEST		Home	1656488001221	1656488001686	OK	 
REQUEST		Search	1656488001709	1656488001936	OK	 
REQUEST		Search	1656488001709	1656488001936	OK	 
USER	Admin	START	1656488002219
USER	Users	START	1656488002220
USER	Users	END	1656488002228
REQUEST		Select	1656488002016	1656488002250	OK	 
REQUEST		Edit	1656488002242	1656488002475	OK	 
REQUEST		Home	1656488002221	1656488002674	OK	 
REQUEST		Home	1656488002220	1656488002682	OK	 
REQUEST		Edit Redirect 1	1656488002475	1656488002709	OK	 
REQUEST		Search	1656488002688	1656488002947	OK	 
USER	Admin	END	1656488002950
USER	Users	START	1656488003220
REQUEST		Select	1656488002939	1656488003230	OK	 
REQUEST		Select	1656488002938	1656488003230	OK	 
USER	Users	END	1656488003247
REQUEST		Home	1656488003220	1656488003691	OK	 
REQUEST		Search	1656488003677	1656488003902	OK	 
REQUEST		Search	1656488003685	1656488003918	OK	 
REQUEST		Select	1656488003950	1656488004189	OK	 
USER	Users	START	1656488004220
USER	Users	END	1656488004254
REQUEST		Home	1656488004221	1656488004673	OK	 
USER	Admin	END	1656488004711
REQUEST		Search	1656488004694	1656488004926	OK	 
REQUEST		Select	1656488004905	1656488005131	OK	 
REQUEST		Select	1656488004920	1656488005152	OK	 
USER	Users	END	1656488005232
REQUEST		Edit	1656488005232	1656488005521	OK	 
REQUEST		Edit Redirect 1	1656488005522	1656488005747	OK	 
REQUEST		Search	1656488005677	1656488005904	OK	 
USER	Users	END	1656488006192
REQUEST		Select	1656488005929	1656488006202	OK	 
USER	Users	END	1656488007134
REQUEST		Select	1656488006906	1656488007139	OK	 
REQUEST		Edit	1656488007155	1656488007387	OK	 
REQUEST		Edit Redirect 1	1656488007388	1656488007670	OK	 
USER	Admin	END	1656488007751
USER	Users	END	1656488008207
USER	Users	END	1656488009142
USER	Admin	END	1656488009673
