RUN	com.gatling.tests.ComputerEdit	computeredit	1656488313025	run2	3.6.1
USER	Users	START	1656488315156
USER	Admin	START	1656488315156
REQUEST		Home	1656488315184	1656488315659	OK	 
REQUEST		Home	1656488315184	1656488315650	OK	 
USER	Users	START	1656488316145
REQUEST		Home	1656488316145	1656488316649	OK	 
USER	Admin	START	1656488317142
USER	Users	START	1656488317144
REQUEST		Home	1656488317143	1656488317604	OK	 
REQUEST		Home	1656488317145	1656488317608	OK	 
USER	Users	START	1656488318141
REQUEST		Home	1656488318142	1656488318615	OK	 
USER	Users	START	1656488319141
REQUEST		Home	1656488319142	1656488319603	OK	 
REQUEST		Search	1656488319753	1656488319999	OK	 
REQUEST		Search	1656488319753	1656488319999	OK	 
USER	Users	START	1656488320142
USER	Admin	START	1656488320142
REQUEST		Home	1656488320143	1656488320638	OK	 
REQUEST		Home	1656488320143	1656488320644	OK	 
REQUEST		Search	1656488320654	1656488320922	OK	 
USER	Users	START	1656488321140
REQUEST		Home	1656488321141	1656488321662	OK	 
REQUEST		Search	1656488321608	1656488321835	OK	 
REQUEST		Search	1656488321611	1656488321842	OK	 
USER	Users	START	1656488322141
USER	Admin	START	1656488322141
REQUEST		Home	1656488322142	1656488322605	OK	 
REQUEST		Home	1656488322142	1656488322605	OK	 
REQUEST		Search	1656488322619	1656488322852	OK	 
USER	Users	START	1656488323140
REQUEST		Home	1656488323141	1656488323687	OK	 
REQUEST		Search	1656488323607	1656488323836	OK	 
USER	Users	START	1656488324140
REQUEST		Select	1656488324005	1656488324234	OK	 
REQUEST		Select	1656488324005	1656488324239	OK	 
REQUEST		Home	1656488324141	1656488324596	OK	 
REQUEST		Search	1656488324641	1656488324917	OK	 
REQUEST		Search	1656488324648	1656488324917	OK	 
REQUEST		Select	1656488324924	1656488325151	OK	 
REQUEST		Search	1656488325666	1656488325893	OK	 
REQUEST		Select	1656488325839	1656488326066	OK	 
REQUEST		Select	1656488325845	1656488326072	OK	 
REQUEST		Search	1656488326608	1656488326859	OK	 
REQUEST		Search	1656488326608	1656488326859	OK	 
REQUEST		Select	1656488326854	1656488327167	OK	 
REQUEST		Search	1656488327690	1656488327923	OK	 
REQUEST		Select	1656488327839	1656488328067	OK	 
USER	Users	END	1656488328240
REQUEST		Edit	1656488328247	1656488328480	OK	 
REQUEST		Edit Redirect 1	1656488328494	1656488328728	OK	 
REQUEST		Search	1656488328600	1656488328829	OK	 
REQUEST		Select	1656488328921	1656488329150	OK	 
USER	Users	END	1656488329153
REQUEST		Select	1656488328921	1656488329156	OK	 
USER	Users	END	1656488330076
REQUEST		Select	1656488329897	1656488330130	OK	 
REQUEST		Edit	1656488330070	1656488330297	OK	 
REQUEST		Edit Redirect 1	1656488330298	1656488330531	OK	 
REQUEST		Select	1656488330863	1656488331162	OK	 
REQUEST		Select	1656488330863	1656488331162	OK	 
USER	Users	END	1656488331169
USER	Users	END	1656488332069
REQUEST		Select	1656488331926	1656488332166	OK	 
USER	Admin	END	1656488332732
REQUEST		Select	1656488332832	1656488333059	OK	 
USER	Users	END	1656488333159
REQUEST		Edit	1656488333153	1656488333415	OK	 
REQUEST		Edit Redirect 1	1656488333415	1656488333642	OK	 
USER	Users	END	1656488334134
USER	Admin	END	1656488334535
USER	Users	END	1656488335166
REQUEST		Edit	1656488335166	1656488335392	OK	 
REQUEST		Edit Redirect 1	1656488335392	1656488335619	OK	 
USER	Users	END	1656488336169
USER	Users	END	1656488337062
USER	Admin	END	1656488337645
USER	Admin	END	1656488339621
